<?xml version="1.0" encoding="UTF-8"?>
<!-- Generated by org.testng.reporters.JUnitReportReporter -->
<testsuite hostname="CTEC-IND-237" failures="0" tests="2" name="abbott.sdet_code_challenge.tests.LandingPageTest" time="34.498" errors="0" timestamp="2022-10-24T18:14:34 IST" skipped="0">
  <testcase classname="abbott.sdet_code_challenge.tests.LandingPageTest" name="testLandingPageFrance" time="26.880"/>
  <system-out/>
  <testcase classname="abbott.sdet_code_challenge.tests.LandingPageTest" name="testLandingPageUS" time="7.618"/>
  <system-out/>
</testsuite> <!-- abbott.sdet_code_challenge.tests.LandingPageTest -->
