<?xml version="1.0" encoding="UTF-8"?>
<!-- Generated by org.testng.reporters.JUnitReportReporter -->
<testsuite hostname="CTEC-IND-237" failures="0" tests="1" name="abbott.sdet_code_challenge.tests.Test2" time="11.072" errors="0" timestamp="2022-10-23T23:07:19 IST" skipped="0">
  <testcase classname="abbott.sdet_code_challenge.tests.Test2" name="test2" time="11.072"/>
  <system-out/>
</testsuite> <!-- abbott.sdet_code_challenge.tests.Test2 -->
