<?xml version="1.0" encoding="UTF-8"?>
<!-- Generated by org.testng.reporters.JUnitReportReporter -->
<testsuite hostname="CTEC-IND-237" failures="0" tests="2" name="abbott.sdet_code_challenge.tests.LandingPageTest" time="35.053" errors="0" timestamp="2022-10-24T14:18:17 IST" skipped="0">
  <testcase classname="abbott.sdet_code_challenge.tests.LandingPageTest" name="testLandingPageFrance" time="28.184"/>
  <system-out/>
  <testcase classname="abbott.sdet_code_challenge.tests.LandingPageTest" name="testLandingPageUS" time="6.869"/>
  <system-out/>
</testsuite> <!-- abbott.sdet_code_challenge.tests.LandingPageTest -->
